android/app/build/intermediates/manifest_merge_blame_file/debug/manifest-merger-blame-debug-report.txt
1<?xml version="1.0" encoding="utf-8"?>
2<manifest xmlns:android="http://schemas.android.com/apk/res/android"
3    package="com.papercollection"
4    android:versionCode="1"
5    android:versionName="1.0" >
6
7    <uses-sdk
8        android:minSdkVersion="21"
9        android:targetSdkVersion="34" />
10
11    <uses-permission android:name="android.permission.INTERNET" />
11-->src\main\AndroidManifest.xml:3:5-67
11-->src\main\AndroidManifest.xml:3:22-64
12    <uses-permission android:name="android.permission.CAMERA" />
12-->src\main\AndroidManifest.xml:4:3-63
12-->src\main\AndroidManifest.xml:4:20-60
13    <uses-permission android:name="android.permission.READ_MEDIA_IMAGES" />
13-->src\main\AndroidManifest.xml:5:5-76
13-->src\main\AndroidManifest.xml:5:22-73
14    <!--
15         Required to keep CPU alive while downloading files
16        (NOT to keep screen awake)
17    -->
18    <uses-permission android:name="android.permission.WAKE_LOCK" />
18-->[:react-native-blob-util] AndroidManifest.xml:14:5-68
18-->[:react-native-blob-util] AndroidManifest.xml:14:22-65
19    <!--
20         Required to poll the state of the network connection
21        and respond to changes
22    -->
23    <uses-permission android:name="android.permission.ACCESS_NETWORK_STATE" /> <!-- Required to check whether Wi-Fi is enabled -->
23-->[:react-native-blob-util] AndroidManifest.xml:20:5-79
23-->[:react-native-blob-util] AndroidManifest.xml:20:22-76
24    <uses-permission android:name="android.permission.ACCESS_WIFI_STATE" /> <!-- Required to read and write the expansion files on shared storage -->
24-->[:react-native-blob-util] AndroidManifest.xml:23:5-76
24-->[:react-native-blob-util] AndroidManifest.xml:23:22-73
25    <uses-permission android:name="android.permission.WRITE_EXTERNAL_STORAGE" /> <!-- Required to read and write the expansion files on shared storage for Android 11 -->
25-->[:react-native-blob-util] AndroidManifest.xml:26:5-81
25-->[:react-native-blob-util] AndroidManifest.xml:26:22-78
26    <uses-permission android:name="android.permission.READ_EXTERNAL_STORAGE" /> <!-- Required to to download files without a notification -->
26-->[:react-native-blob-util] AndroidManifest.xml:29:5-80
26-->[:react-native-blob-util] AndroidManifest.xml:29:22-77
27    <uses-permission android:name="android.permission.DOWNLOAD_WITHOUT_NOTIFICATION" />
27-->[:react-native-blob-util] AndroidManifest.xml:32:5-88
27-->[:react-native-blob-util] AndroidManifest.xml:32:22-85
28    <uses-permission android:name="android.permission.VIBRATE" /> <!-- Required to access Google Play Licensing -->
28-->[:react-native-haptic-feedback] AndroidManifest.xml:7:5-66
28-->[:react-native-haptic-feedback] AndroidManifest.xml:7:22-63
29    <uses-permission android:name="com.android.vending.CHECK_LICENSE" />
29-->[:rn-fetch-blob] AndroidManifest.xml:8:5-73
29-->[:rn-fetch-blob] AndroidManifest.xml:8:22-70
30    <!--
31    This manifest file is used only by Gradle to configure debug-only capabilities
32    for React Native Apps.
33    -->
34    <uses-permission android:name="android.permission.SYSTEM_ALERT_WINDOW" />
34-->[com.facebook.react:react-android:0.73.3] AndroidManifest.xml:16:5-78
34-->[com.facebook.react:react-android:0.73.3] AndroidManifest.xml:16:22-75
35
36    <permission
36-->[androidx.core:core:1.9.0] AndroidManifest.xml:22:5-24:47
37        android:name="com.papercollection.DYNAMIC_RECEIVER_NOT_EXPORTED_PERMISSION"
37-->[androidx.core:core:1.9.0] AndroidManifest.xml:23:9-81
38        android:protectionLevel="signature" />
38-->[androidx.core:core:1.9.0] AndroidManifest.xml:24:9-44
39
40    <uses-permission android:name="com.papercollection.DYNAMIC_RECEIVER_NOT_EXPORTED_PERMISSION" />
40-->[androidx.core:core:1.9.0] AndroidManifest.xml:26:5-97
40-->[androidx.core:core:1.9.0] AndroidManifest.xml:26:22-94
41
42    <application
42-->src\main\AndroidManifest.xml:6:5-26:19
43        android:name="com.papercollection.MainApplication"
43-->src\main\AndroidManifest.xml:7:7-38
44        android:allowBackup="false"
44-->src\main\AndroidManifest.xml:11:7-34
45        android:appComponentFactory="androidx.core.app.CoreComponentFactory"
45-->[androidx.core:core:1.9.0] AndroidManifest.xml:28:18-86
46        android:debuggable="true"
47        android:extractNativeLibs="true"
48        android:icon="@mipmap/ic_launcher"
48-->src\main\AndroidManifest.xml:9:7-41
49        android:label="@string/app_name"
49-->src\main\AndroidManifest.xml:8:7-39
50        android:roundIcon="@mipmap/ic_launcher_round"
50-->src\main\AndroidManifest.xml:10:7-52
51        android:theme="@style/AppTheme"
51-->src\main\AndroidManifest.xml:12:7-38
52        android:usesCleartextTraffic="true" >
52-->src\debug\AndroidManifest.xml:6:9-44
53        <activity
53-->src\main\AndroidManifest.xml:13:7-25:18
54            android:name="com.papercollection.MainActivity"
54-->src\main\AndroidManifest.xml:14:9-37
55            android:configChanges="keyboard|keyboardHidden|orientation|screenLayout|screenSize|smallestScreenSize|uiMode"
55-->src\main\AndroidManifest.xml:16:9-118
56            android:exported="true"
56-->src\main\AndroidManifest.xml:19:9-32
57            android:label="@string/app_name"
57-->src\main\AndroidManifest.xml:15:9-41
58            android:launchMode="singleTask"
58-->src\main\AndroidManifest.xml:17:9-40
59            android:screenOrientation="portrait"
59-->src\main\AndroidManifest.xml:20:9-45
60            android:windowSoftInputMode="adjustResize" >
60-->src\main\AndroidManifest.xml:18:9-51
61            <intent-filter>
61-->src\main\AndroidManifest.xml:21:9-24:25
62                <action android:name="android.intent.action.MAIN" />
62-->src\main\AndroidManifest.xml:22:13-65
62-->src\main\AndroidManifest.xml:22:21-62
63
64                <category android:name="android.intent.category.LAUNCHER" />
64-->src\main\AndroidManifest.xml:23:13-73
64-->src\main\AndroidManifest.xml:23:23-70
65            </intent-filter>
66        </activity>
67
68        <provider
68-->[:react-native-blob-util] AndroidManifest.xml:35:9-43:20
69            android:name="com.ReactNativeBlobUtil.Utils.FileProvider"
69-->[:react-native-blob-util] AndroidManifest.xml:36:13-70
70            android:authorities="com.papercollection.provider"
70-->[:react-native-blob-util] AndroidManifest.xml:37:13-60
71            android:exported="false"
71-->[:react-native-blob-util] AndroidManifest.xml:38:13-37
72            android:grantUriPermissions="true" >
72-->[:react-native-blob-util] AndroidManifest.xml:39:13-47
73            <meta-data
73-->[:react-native-blob-util] AndroidManifest.xml:40:13-42:58
74                android:name="android.support.FILE_PROVIDER_PATHS"
74-->[:react-native-blob-util] AndroidManifest.xml:41:17-67
75                android:resource="@xml/provider_paths" />
75-->[:react-native-blob-util] AndroidManifest.xml:42:17-55
76        </provider>
77        <provider
77-->[:react-native-image-picker] AndroidManifest.xml:8:9-16:20
78            android:name="com.imagepicker.ImagePickerProvider"
78-->[:react-native-image-picker] AndroidManifest.xml:9:13-63
79            android:authorities="com.papercollection.imagepickerprovider"
79-->[:react-native-image-picker] AndroidManifest.xml:10:13-71
80            android:exported="false"
80-->[:react-native-image-picker] AndroidManifest.xml:11:13-37
81            android:grantUriPermissions="true" >
81-->[:react-native-image-picker] AndroidManifest.xml:12:13-47
82            <meta-data
82-->[:react-native-blob-util] AndroidManifest.xml:40:13-42:58
83                android:name="android.support.FILE_PROVIDER_PATHS"
83-->[:react-native-blob-util] AndroidManifest.xml:41:17-67
84                android:resource="@xml/imagepicker_provider_paths" />
84-->[:react-native-blob-util] AndroidManifest.xml:42:17-55
85        </provider>
86        <provider
86-->[:rn-fetch-blob] AndroidManifest.xml:32:9-40:20
87            android:name="com.RNFetchBlob.Utils.FileProvider"
87-->[:rn-fetch-blob] AndroidManifest.xml:33:13-62
88            android:authorities="com.papercollection.provider"
88-->[:rn-fetch-blob] AndroidManifest.xml:34:13-60
89            android:exported="false"
89-->[:rn-fetch-blob] AndroidManifest.xml:35:13-37
90            android:grantUriPermissions="true" >
90-->[:rn-fetch-blob] AndroidManifest.xml:36:13-47
91            <meta-data
91-->[:react-native-blob-util] AndroidManifest.xml:40:13-42:58
92                android:name="android.support.FILE_PROVIDER_PATHS"
92-->[:react-native-blob-util] AndroidManifest.xml:41:17-67
93                android:resource="@xml/provider_paths" />
93-->[:react-native-blob-util] AndroidManifest.xml:42:17-55
94        </provider>
95
96        <activity
96-->[com.facebook.react:react-android:0.73.3] AndroidManifest.xml:19:9-21:40
97            android:name="com.facebook.react.devsupport.DevSettingsActivity"
97-->[com.facebook.react:react-android:0.73.3] AndroidManifest.xml:20:13-77
98            android:exported="false" />
98-->[com.facebook.react:react-android:0.73.3] AndroidManifest.xml:21:13-37
99
100        <provider
100-->[androidx.emoji2:emoji2:1.2.0] AndroidManifest.xml:24:9-32:20
101            android:name="androidx.startup.InitializationProvider"
101-->[androidx.emoji2:emoji2:1.2.0] AndroidManifest.xml:25:13-67
102            android:authorities="com.papercollection.androidx-startup"
102-->[androidx.emoji2:emoji2:1.2.0] AndroidManifest.xml:26:13-68
103            android:exported="false" >
103-->[androidx.emoji2:emoji2:1.2.0] AndroidManifest.xml:27:13-37
104            <meta-data
104-->[androidx.emoji2:emoji2:1.2.0] AndroidManifest.xml:29:13-31:52
105                android:name="androidx.emoji2.text.EmojiCompatInitializer"
105-->[androidx.emoji2:emoji2:1.2.0] AndroidManifest.xml:30:17-75
106                android:value="androidx.startup" />
106-->[androidx.emoji2:emoji2:1.2.0] AndroidManifest.xml:31:17-49
107            <meta-data
107-->[androidx.lifecycle:lifecycle-process:2.4.1] AndroidManifest.xml:31:13-33:52
108                android:name="androidx.lifecycle.ProcessLifecycleInitializer"
108-->[androidx.lifecycle:lifecycle-process:2.4.1] AndroidManifest.xml:32:17-78
109                android:value="androidx.startup" />
109-->[androidx.lifecycle:lifecycle-process:2.4.1] AndroidManifest.xml:33:17-49
110        </provider>
111
112        <meta-data
112-->[com.facebook.soloader:soloader:0.10.5] AndroidManifest.xml:12:9-14:37
113            android:name="com.facebook.soloader.enabled"
113-->[com.facebook.soloader:soloader:0.10.5] AndroidManifest.xml:13:13-57
114            android:value="false" />
114-->[com.facebook.soloader:soloader:0.10.5] AndroidManifest.xml:14:13-34
115    </application>
116
117</manifest>